Called from file D:\Local_websites\simnigeria\wp-content\plugins\custom-simnigeria-plugin\includes\php\security\fingerprint.php line 666
04-01-2022 13:32 - Grant Birks has not enough permissions
Called from file D:\Local_websites\simnigeria\wp-content\plugins\custom-simnigeria-plugin\includes\php\security\content_filter.php line 79
04-01-2022 13:32 - Checking for filtering content finished
Called from file D:\Local_websites\simnigeria\wp-content\plugins\custom-simnigeria-plugin\includes\php\security\fingerprint.php line 666
04-01-2022 13:33 - Grant Birks has not enough permissions
Called from file D:\Local_websites\simnigeria\wp-content\plugins\custom-simnigeria-plugin\includes\php\security\content_filter.php line 79
04-01-2022 13:33 - Checking for filtering content finished
Called from file D:\Local_websites\simnigeria\wp-content\plugins\custom-simnigeria-plugin\includes\php\forms\user_roles.php line 74
04-01-2022 13:35 - Added role 'Content Manager' for user Grant Birks
Called from file D:\Local_websites\simnigeria\wp-content\plugins\custom-simnigeria-plugin\includes\php\forms\user_roles.php line 74
04-01-2022 13:35 - Added role 'Financial Info' for user Grant Birks
Called from file D:\Local_websites\simnigeria\wp-content\plugins\custom-simnigeria-plugin\includes\php\forms\user_roles.php line 74
04-01-2022 13:35 - Added role 'Housing Management' for user Grant Birks
Called from file D:\Local_websites\simnigeria\wp-content\plugins\custom-simnigeria-plugin\includes\php\forms\user_roles.php line 74
04-01-2022 13:35 - Added role 'Housing Reservation' for user Grant Birks
Called from file D:\Local_websites\simnigeria\wp-content\plugins\custom-simnigeria-plugin\includes\php\forms\user_roles.php line 74
04-01-2022 13:35 - Added role 'Personnel Info' for user Grant Birks
Called from file D:\Local_websites\simnigeria\wp-content\plugins\custom-simnigeria-plugin\includes\php\forms\user_roles.php line 74
04-01-2022 13:35 - Added role 'Revisor' for user Grant Birks
Called from file D:\Local_websites\simnigeria\wp-content\plugins\custom-simnigeria-plugin\includes\php\forms\user_roles.php line 74
04-01-2022 13:35 - Added role 'Role Management' for user Grant Birks
Called from file D:\Local_websites\simnigeria\wp-content\plugins\custom-simnigeria-plugin\includes\php\forms\user_roles.php line 74
04-01-2022 13:35 - Added role 'Travel Info' for user Grant Birks
Called from file D:\Local_websites\simnigeria\wp-content\plugins\custom-simnigeria-plugin\includes\php\forms\user_roles.php line 74
04-01-2022 13:35 - Added role 'User Management' for user Grant Birks
Called from file D:\Local_websites\simnigeria\wp-content\plugins\custom-simnigeria-plugin\includes\php\forms\user_roles.php line 74
04-01-2022 13:35 - Added role 'Visa Info' for user Grant Birks
Called from file D:\Local_websites\simnigeria\wp-content\plugins\custom-simnigeria-plugin\includes\php\security\content_filter.php line 79
04-01-2022 13:36 - Checking for filtering content finished
Called from file D:\Local_websites\simnigeria\wp-content\plugins\custom-simnigeria-plugin\includes\php\security\content_filter.php line 69
04-01-2022 13:36 - Redirecting from http://localhost/simnigeria/greencard-info/bulk-update-nin/ to http://localhost/simnigeria/account/?redirected=true#Two%20factor
Called from file D:\Local_websites\simnigeria\wp-content\plugins\custom-simnigeria-plugin\includes\php\security\content_filter.php line 79
04-01-2022 13:36 - Checking for filtering content finished
Called from file D:\Local_websites\simnigeria\wp-content\plugins\custom-simnigeria-plugin\includes\php\security\content_filter.php line 79
04-01-2022 13:36 - Checking for filtering content finished
Called from file D:\Local_websites\simnigeria\wp-content\plugins\custom-simnigeria-plugin\includes\php\security\content_filter.php line 69
04-01-2022 13:38 - Redirecting from http://localhost/simnigeria/lhome/ to http://localhost/simnigeria/account/?redirected=true#Two%20factor
Called from file D:\Local_websites\simnigeria\wp-content\plugins\custom-simnigeria-plugin\includes\php\security\content_filter.php line 79
04-01-2022 13:38 - Checking for filtering content finished
Called from file D:\Local_websites\simnigeria\wp-content\plugins\custom-simnigeria-plugin\includes\php\security\content_filter.php line 79
04-01-2022 13:38 - Checking for filtering content finished
Called from file D:\Local_websites\simnigeria\wp-content\plugins\custom-simnigeria-plugin\includes\php\security\content_filter.php line 69
04-01-2022 13:39 - Redirecting from http://localhost/simnigeria/lhome/ to http://localhost/simnigeria/account/?redirected=true#Two%20factor
Called from file D:\Local_websites\simnigeria\wp-content\plugins\custom-simnigeria-plugin\includes\php\security\content_filter.php line 79
04-01-2022 13:40 - Checking for filtering content finished
Called from file D:\Local_websites\simnigeria\wp-content\plugins\custom-simnigeria-plugin\includes\php\security\content_filter.php line 79
04-01-2022 13:40 - Checking for filtering content finished
Called from file D:\Local_websites\simnigeria\wp-content\plugins\custom-simnigeria-plugin\includes\php\security\content_filter.php line 69
04-01-2022 13:40 - Redirecting from http://localhost/simnigeria/lhome/ to http://localhost/simnigeria/account/?redirected=true#Two%20factor
Called from file D:\Local_websites\simnigeria\wp-content\plugins\custom-simnigeria-plugin\includes\php\security\content_filter.php line 79
04-01-2022 13:40 - Checking for filtering content finished
Called from file D:\Local_websites\simnigeria\wp-content\plugins\custom-simnigeria-plugin\includes\php\security\content_filter.php line 79
04-01-2022 13:40 - Checking for filtering content finished
Called from file D:\Local_websites\simnigeria\wp-content\plugins\custom-simnigeria-plugin\includes\php\security\content_filter.php line 69
04-01-2022 13:42 - Redirecting from http://localhost/simnigeria/lhome/ to http://localhost/simnigeria/account/?redirected=true#Two%20factor
Called from file D:\Local_websites\simnigeria\wp-content\plugins\custom-simnigeria-plugin\includes\php\security\content_filter.php line 79
04-01-2022 13:42 - Checking for filtering content finished
Called from file D:\Local_websites\simnigeria\wp-content\plugins\custom-simnigeria-plugin\includes\php\security\content_filter.php line 79
04-01-2022 13:42 - Checking for filtering content finished
Called from file D:\Local_websites\simnigeria\wp-content\plugins\custom-simnigeria-plugin\includes\php\security\content_filter.php line 69
04-01-2022 13:46 - Redirecting from http://localhost/simnigeria/lhome/ to http://localhost/simnigeria/account/?redirected=true#Two%20factor
Called from file D:\Local_websites\simnigeria\wp-content\plugins\custom-simnigeria-plugin\includes\php\security\content_filter.php line 79
04-01-2022 13:46 - Checking for filtering content finished
Called from file D:\Local_websites\simnigeria\wp-content\plugins\custom-simnigeria-plugin\includes\php\security\content_filter.php line 79
04-01-2022 13:47 - Checking for filtering content finished
Called from file D:\Local_websites\simnigeria\wp-content\plugins\custom-simnigeria-plugin\includes\php\security\content_filter.php line 79
04-01-2022 13:47 - Checking for filtering content finished
Called from file D:\Local_websites\simnigeria\wp-content\plugins\custom-simnigeria-plugin\includes\php\security\content_filter.php line 79
04-01-2022 13:47 - Checking for filtering content finished
Called from file D:\Local_websites\simnigeria\wp-content\plugins\custom-simnigeria-plugin\includes\php\security\content_filter.php line 79
04-01-2022 13:49 - Checking for filtering content finished
Called from file D:\Local_websites\simnigeria\wp-content\plugins\custom-simnigeria-plugin\includes\php\security\content_filter.php line 79
04-01-2022 13:49 - Checking for filtering content finished
